285
272
153
120
115
29
188
115
214
209
142
85
25
200
65
52
84
300
200
179
214
84
160
184
46
203
227
64
19
259
23
152
19
17
21
25
200
245
294
87
167
218
135
20
151
23
160
133
66
148
30
214
163
294
225
150
85
23
67
25
74
92
217
88
117
92
84
46
89
70
204
227
85
153
36
229
239
165
210
46
244
133
160
121
55
165
278
82
267
144
256
8
252
296
207
253
247
168
265
85
67
64
165
24
213
265
175
58
23
160
271
207
54
59
76
268
250
83
7
237
142
64
88
249
186
293
14
150
291
170
271
23
237
163
165
23
92
24
43
102
67
73
121
257
224
70
24
160
127
29
178
194
155
23
48
97
46
251
213
186
237
55
116
225
228
231
52
265
9
36
69
210
247
117
204
14
84
192
121
32
145
21
87
129
23
271
51
175
59
63
120
87
137
107
269
63
21
184
205
148
21
52
23
56
42
165
107
253
188
83
250
291
153
148
79
209
130
253
14
50
120
168
67
47
120
88
195
16
84
165
90
204
123
179
285
72
195
168
207
15
227
261
69
272
168
48
282
214
72
216
23
127
162
23
247
116
222
150
197
87
102
23
104
37
84
18
55
144
61
241
83
214
92
104
281
255
59
47
248
9
39
92
234
4
18
92
161
34
204
272
235
159
280
24
14
32
213
23
141
98
144
48
255
214
14
156
25
210
37
168
142
21
14
65
67
47
180
237
88
258
193
220
18
165
114
142
160
178
222
24
51
233
220
14
85
214
251
133
153
162
267
9
110
114
59
192
85
84
83
296
160
54
24
274
101
22
141
243
294
168
104
197
258
14
197
165
180
135
89
173
267
84
74
126
247
74
246
214
142
27
152
214
148
110
17
206
111
74
248
204
101
46
175
51
99
216
268
79
17
104
262
71
84
204
17
160
251
25
163
110
84
205
80
28
114
294
104
127
18
273
142
23
87
23
153
213
84
25
87
47
188
9
24
74
165
66
158
121
20
27
41
226
176
252
164
168
237
259
292
14
157
82
226
226
207
180
47
269
272
209
168
148
30
259
214
280
248
68
148
92
72
32
100
43
120
89
28
55
165
42
29
67
67
176
47
137
18
63
138
17
220
52
101
127
23
18
48
232
275
23
165
258
251
87
215
197
122
250
72
186
84
8
49
149
165
217
208
38
42
18
78
248
89
239
18
253
18
282
117
216
21
59
244
84
92
192
131
84
88
9
36
294
164
128
288
120
160
92
41
87
12
9
21
96
258
24
251
32
52
171
32
247
92
129
272
161
240
24
39
141
41
54
8
288
84
68
39
150
92
90
84
256
165
295
2
109
59
15
220
233
271
179
5
200
160
39
55
14
165
104
45
122
88
273
246
197
195
24
83
63
234
294
26
24
67
84
61
53
19
140
24
190
101
65
48
160
46
129
282
258
114
168
84
170
196
258
227
284
94
24
69
104
216
34
59
97
273
50
84
132
9
67
47
204
29
180
192
67
99
48
120
251
178
16
121
30
19
195
127
233
291
64
121
179
252
18
69
181
54
246
93
111
160
168
256
209
160
216
163
72
81
247
24
144
85
160
165
204
220
216
221
48
203
166
158
144
161
69
125
249
150
88
116
258
5
193
204
84
258
68
141
21
270
20
204
184
291
83
191
157
67
29
81
247
229
67
5
36
192
271
32
55
168
23
45
227
72
47
168
195
168
49
84
23
17
40
84
249
23
203
43
21
107
197
39
83
40
182
122
112
16
26
92
249
54
118
63
79
179
48
49
53
133
227
72
188
24
30
26
92
255
9
89
39
120
120
49
84
85
174
63
155
227
246
125
123
9
83
92
168
114
212
23
53
92
66
182
160
23
85
171
116
209
53
294
257
87
105
2
89
88
164
19
166
240
284
120
196
84
49
52
21
153
24
73
23
133
26
3
54
118
168
202
16
59
179
192
163
59
100
161
48
28
148
176
262
100
294
115
294
210
42
200
87
231
38
249
191
227
188
48
231
24
212
92
300
121
29
68
20
117
165
25
248
39
168
220
250
81
241
165
24
23
214
130
181
67
207
38
253
148
215
180
90
21
85
165
23
168
199
142
259
176
163
100
227
277
8
265
178
291
107
127
161
8
197
271
65
110
115
60
83
237
168
21
210
232
84
296
133
195
231
37
274
59
132
24
150
258
215
14
78
87
291
65
21
242
300
15
59
274
206
219
244
32
30
29
247
271
232
144
121
191
168
165
155
251
188
121
294
300
150
83
195
296
182
102
72
187
222
155
58
165
157
217
229
87
52
257
279
162
174
218
135
263
202
162
235
187
21
89
173
104
264
201
107
21
242
251
65
120
14
65
99
276
219
9
30
237
84
83
163
68
146
204
268
165
243
207
264
237
193
220
257
104
30
282
207
160
95
145
21
162
9
11
168
84
88
209
80
195
294
207
100
52
292
63
88
92
142
292
24
176
108
79
216
179
40
25
177
87
120
111
29
249
267
28
272
227
230
247
14
72
204
62
127
165
17
94
59
15
147
52
92
84
122
18
237
184
23
165
49
15
296
287
98
54
206
251
49
88
53
237
49
291
244
84
152
128
54
84
90
292
23
251
222
127
85
168
18
84
97
123
151
160
261
9
70
165
36
142
192
46
244
84
127
99
92
218
84
165
164
252
18
160
262
291
92
38
102
160
218
34
112
72
32
21
252
280
85
192
99
176
110
230
250
186
32
24
85
300
18
84
99
23
45
292
232
246
249
92
151
191
267
122
103
24
83
249
223
265
21
69
244
160
178
294
295
286
29
60
83
84
234
49
234
237
117
18
216
204
264
19
32
192
291
160
93
25
84
111
234
238
276
43
251
104
25
59
23
53
55
90
110
108
87
148
252
181
24
59
256
238
165
120
300
168
271
110
42
84
130
296
160
33
220
83
58
14
92
276
202
231
80
9
48
182
49
19
254
120
217
248
265
192
80
228
16
19
168
207
179
120
110
94
217
47
23
142
180
85
152
180
40
176
222
189
11
204
204
87
126
294
239
47
120
151
11
63
163
45
10
220
85
159
26
258
291
168
29
107
165
196
38
142
66
148
193
26
119
24
5
157
221
142
242
42
151
127
204
263
115
174
144
181
66
296
27
56
92
294
201
241
235
105
127
184
165
274
18
142
55
87
248
184
189
23
36
150
24
91
265
160
252
148
85
220
23
37
40
8
190
164
251
195
51
28
67
92
53
155
141
108
7
24
233
14
112
28
271
148
300
59
65
182
84
87
264
47
129
92
165
259
199
107
119
248
110
14
258
165
17
84
51
292
85
126
248
120
174
24
165
28
116
58
229
14
165
207
140
89
64
16
168
59
251
39
195
165
192
218
264
23
28
27
8
61
248
39
51
163
114
244
234
116
192
58
61
181
247
23
247
59
87
14
168
218
9
131
207
24
6
89
21
4
42
192
193
84
265
120
136
112
203
89
18
21
170
126
114
160
252
145
193
248
260
123
84
282
185
300
87
281
300
104
22
5
165
18
189
116
53
57
148
148
160
258
84
106
217
260
142
48
252
17
141
85
145
36
79
141
16
162
107
228
5
23
72
230
33
196
220
59
58
265
14
74
84
160
58
254
251
100
251
262
227
113
204
83
137
84
58
262
141
35
66
120
165
239
272
27
40
114
160
68
73
218
199
49
121
244
165
133
28
84
87
26
23
18
179
154
85
257
160
16
296
6
18
124
184
201
174
87
191
215
110
70
53
59
227
218
105
281
145
165
93
110
173
29
162
65
72
263
170
85
84
216
231
65
272
117
55
104
89
160
24
9
199
234
146
162
261
127
92
166
12
56
55
117
216
49
144
264
36
125
126
75
92
66
48
127
294
30
280
67
243
44
18
24
269
45
294
72
257
235
19
137
84
171
85
101
180
23
17
23
62
85
94
36
165
21
180
296
14
90
83
183
165
215
42
249
134
59
155
40
287
300
214
93
170
176
32
14
83
176
42
110
12
251
47
242
60
259
203
165
21
45
224
129
272
83
59
25
165
176
214
120
120
135
294
152
130
271
125
187
297
85
23
9
117
161
17
294
133
59
129
19
165
235
123
255
160
28
66
168
299
131
19
165
221
71
55
145
90
192
84
18
9
125
65
252
160
87
193
36
49
160
194
117
142
19
165
253
44
64
170
222
261
170
146
85
168
217
209
33
45
51
160
300
6
154
215
201
2
92
92
277
44
56
120
24
179
139
208
27
164
121
60
180
255
50
197
218
243
16
10
142
129
168
65
229
276
182
29
181
161
64
55
251
24
97
233
104
147
248
186
141
52
142
25
55
67
294
300
180
272
74
208
89
116
184
84
165
168
146
164
25
70
39
100
9
192
160
253
49
104
168
89
131
261
84
208
214
104
94
165
248
120
25
18
135
189
166
176
252
115
72
225
14
21
121
165
72
161
85
82
110
84
48
140
102
86
55
142
294
190
115
21
295
78
84
84
23
130
280
258
84
107
279
233
168
16
121
18
236
92
2
167
168
85
51
84
120
257
97
294
167
26
214
146
160
59
43
171
142
36
127
160
197
84
14
17
72
260
265
218
160
231
284
106
84
265
300
26
205
8
208
165
27
21
157
85
24
237
104
300
202
288
74
84
258
15
160
21
245
8
242
53
262
269
66
300
219
259
87
124
132
294
160
250
200
265
66
47
149
180
47
193
168
297
88
165
10
23
23
168
168
139
9
85
242
225
84
109
23
149
9
86
11
76
72
99
180
288
9
48
193
56
85
5
229
272
121
89
32
84
24
60
165
220
23
37
154
140
85
153
141
32
294
84
101
63
37
82
166
84
92
150
130
9
18
296
165
235
252
13
81
197
168
252
251
207
121
231
87
114
66
42
9
223
15
84
176
59
23
120
53
52
63
180
264
95
232
300
92
19
23
198
15
42
148
58
47
258
226
168
178
168
162
168
142
55
128
87
66
225
37
52
253
296
179
93
168
64
247
92
47
214
130
253
14
92
127
21
165
92
128
126
14
130
26
186
126
21
23
59
174
24
85
138
259
85
146
120
85
201
165
237
92
257
233
160
23
171
99
251
131
14
146
179
9
247
49
9
237
36
291
23
104
203
85
87
211
29
84
4
201
251
207
72
232
160
14
64
14
167
269
116
217
165
253
78
27
147
253
14
219
66
100
14
251
127
181
30
171
121
86
18
160
14
25
258
168
84
120
256
24
6
273
27
38
176
18
165
142
179
23
228
9
254
23
47
60
144
106
130
192
130
19
54
165
76
92
63
92
24
200
106
292
120
160
209
131
251
24
14
29
23
181
284
28
270
93
120
226
18
48
203
92
165
144
234
60
291
87
107
199
196
284
161
28
140
271
110
95
44
87
268
18
74
192
70
257
176
14
160
246
116
180
81
217
112
47
271
201
16
52
56
152
118
72
92
163
180
118
14
140
67
106
127
168
64
291
192
20
67
29
44
170
115
33
153
45
144
126
138
213
272
23
84
122
49
278
243
27
141
21
116
269
165
190
87
261
116
144
59
84
17
186
50
23
121
94
41
63
28
33
23
84
258
87
252
83
9
164
84
104
118
148
132
294
85
95
207
84
58
120
51
110
166
255
14
18
276
69
216
84
189
237
59
76
24
84
65
281
28
28
286
14
5
120
64
227
100
41
126
18
278
142
17
160
88
214
62
227
279
72
70
199
165
27
131
55
23
84
17
81
152
292
49
97
242
251
48
18
88
23
72
151
101
225
63
175
9
163
59
104
44
244
84
30
106
9
165
111
51
8
99
37
213
160
70
199
79
18
201
87
72
82
121
120
18
261
21
165
199
148
272
111
181
160
21
179
247
297
63
165
19
7
244
272
165
41
165
87
266
122
24
96
121
25
237
28
296
262
281
66
116
83
108
87
173
263
97
204
109
18
172
2
219
42
127
160
227
84
9
160
213
78
61
123
163
83
175
47
114
142
292
112
88
144
60
72
120
217
189
14
123
174
104
115
215
133
238
3
160
148
26
297
265
141
84
240
165
67
84
23
70
84
252
168
52
188
23
197
28
221
168
192
90
186
261
31
296
86
165
282
17
292
271
126
163
186
137
92
61
136
213
167
231
44
92
170
291
271
142
218
24
87
234
59
43
28
110
246
14
122
87
121
209
220
68
120
30
108
92
142
21
15
144
84
100
24
155
163
131
242
243
133
141
24
59
92
207
184
244
294
85
83
38
84
220
63
115
43
38
124
108
298
104
9
134
87
272
227
162
281
168
221
15
92
280
21
244
263
112
294
88
227
202
38
88
165
48
142
117
183
15
1
72
18
42
