hvQwmbCONFhe3SIQchwpEcA@gmail.com
y09b6nU4VnsjCUxXFiP8xVG@gmail.com
UayXU6UIiCWoB0do3ErumGD@gmail.com
1ZOUUvaWeybCcOShAxjUb7o@gmail.com
TfaJdjsxsELPNwVNogCMl4K@gmail.com
SXXt4qNrk9aWaYooJaI3z9t@gmail.com
EJmNZjI4l5Ro1ytej6i2QNr@gmail.com
tH29jHBiHASVWAu0WyS6gwk@gmail.com
c1GBBMI3StigMOd3ZoIllCx@gmail.com
dYopjANSrgwBaM1YAfSqNUv@gmail.com
DCtBKthmdkbrUWbTD8FORFM@gmail.com
82W0JFBx9l5oBKrFIHp9q4v@gmail.com
bbnvyLg3ZKBPHo4yNoWdXGD@gmail.com
mxDTb8LP85cz9WC77TOd787@gmail.com
RLce09CZEK6ntYtJnnwseCx@gmail.com
yl1ebgAZWvYadccw0dwBGZu@gmail.com
fVUyF9CBvVRQIQ96C2ZsN0v@gmail.com
yCFVvsyyQZ0hp2WDjDa3gVj@gmail.com
j8oI6b8VAEAyi49kipfJEGx@gmail.com
W2oodCgCFY3tL8AfgvmigpU@gmail.com
wGVAG9BHRW4bxchl9Wcbljd@gmail.com
EKippSSwOTROHOrIcTXRF3q@gmail.com
1ng7a6ZItDUysIj5BceHRid@gmail.com
AjyAn7AQPkXpoKKRIu0LssT@gmail.com
PAXovVn1utnzBAMUBjhRGnq@gmail.com
HRFbfXMitWDXnqQXpGVqATJ@gmail.com
HebshmokRo5ZPqzdRn7PHFm@gmail.com
Wwl2FVRIhGTYDqpOI1nHk1l@gmail.com
JPuOnXKtUrYU9wKyAeHQfqh@gmail.com
scCo9GMQtidKOifFq8IcPU7@gmail.com
we6K6BYpaauK1ckQvI1dbbB@gmail.com
1EFvWfMdcjRng6c7haKf1JA@gmail.com
NJNWJ8O26ugQRwakMuhK3Qe@gmail.com
3QpD90dqmXSOR2dEIHT1kWr@gmail.com
ysbohcYcVRlJOyIr7rnMCCV@gmail.com
YIhn1AfG2KPkFKSQAnHob3u@gmail.com
pQpmNhbxbjeBjoiHd37iVP5@gmail.com
nyO14I0cCBPQokO8TlbkHrx@gmail.com
9FUMjaUlYxSfIEWnDQa6YWM@gmail.com
fIwepFxWxVSpZEo1P0QCXsc@gmail.com
xYugHml4CkZtheVwuGbLGh3@gmail.com
cnHEH7gbrFsvV2hz53083y6@gmail.com
LAT9NEn9nWv3hKNDXTY6CH4@gmail.com
NRveXvKXgeuCP8DiCiyCyjP@gmail.com
MLgHhtVRhOGHC4U49I0lkYv@gmail.com
VCxi6Q11GHu8XguJCplNLya@gmail.com
IAhibK4UYrAGzEl2YCfSv6w@gmail.com
nHcELkLfZ7mzG4EmPeqe15h@gmail.com
yg2qeHbCUMJ2JEC8K27H28Q@gmail.com
CZvNSaDUX89SFymbvmqHeEN@gmail.com
25VkuUheKYdb38BDM63Rr7s@gmail.com
CW8e2t7URxFjGQ6yC97kuUb@gmail.com
F3c8j0NC05ObKuKmMRUm3eW@gmail.com
va5XCpyTedG9zUmCcgJ8BE6@gmail.com
k5JjDUN7FAablUywSQbGtHm@gmail.com
ytNYR3tiPfsBpwCihKCfOn3@gmail.com
ay74a7nabWXbcO34AYFSoEf@gmail.com
HkL3fWaGt6s95CyozSr76Bi@gmail.com
dajny3qOuVIYQ2Dj8veSAaz@gmail.com
JkgqNJNaP3hummrnq7Pda4n@gmail.com
9FT1lGOQvJv13EiPvuvS5VW@gmail.com
2MjnwnMvZAzU5Gpy9Kv9JkN@gmail.com
Z0gE1gvKOKvJbAwR2Vbes33@gmail.com
X0pjXpGfdWvRBQr8LJtZI7R@gmail.com
0iUaWzdFSbr3WAgPbz6heqH@gmail.com
0G4mVB9vo4aCPUhoswSI8KL@gmail.com
JJlJV7jOd8HTtuYag8xVv3i@gmail.com
agUX4QPF1M2FDexozDXW32l@gmail.com
bOmNu4mGXFuMRI3s5gt5k1V@gmail.com
5N0fVsSTm9vjmWg6EpMrap0@gmail.com
bCVQHqEaseUuX6RiTf7ysTi@gmail.com
sISKvBw4m8gIsQUnlCQckHi@gmail.com
PhMqFxUkK1LU16pyHEij1ON@gmail.com
TSOblVOXoxXGjG8xgX7J0Ym@gmail.com
w1cUGtSIyH5kAGdeEdqcPbl@gmail.com
TL2vQ67aQfngAk0eUsM6lBd@gmail.com
lhfFs17eVNQp200Hz5pXs6v@gmail.com
2F0H9CjCUgJnNOnF8Tk8Kf1@gmail.com
NC0QsO83hw3IfQTm3qcWEO5@gmail.com
aYitlketG2D2geA6Xb0or1Q@gmail.com
hcS9gqf2sncUbkLmCXc3mdn@gmail.com
TezhvM6jeYTzc2RrRq35KSL@gmail.com
drcgDl0P4EbWe8vyROXbrbv@gmail.com
ohwIld3POcQ8dEryiDfo0mn@gmail.com
MkcwUcJga2jh6GOo8WjjGL6@gmail.com
oSqfV3eWvXQYAYsRfis5gOX@gmail.com
f9eND31KijfEUQqhn6sxmWC@gmail.com
6WwkubEMV06UzeQb8oqp1lA@gmail.com
RrztxA7pdYD0pwQG8n1EM1r@gmail.com
PAlIoemDfDW2G09rfupeIif@gmail.com
MUIxKTt7vuQNA27oAeH94vq@gmail.com
3v8i7Jn20PWT7G7R31mp3T7@gmail.com
ARSMn32ROUpBZqZD2JYfBeD@gmail.com
wKo4u0aKaFZIMwcRV20FZne@gmail.com
VwsCKzuNgnfn9EWpkm7Zr20@gmail.com
fuZhDRIwVkIBsKhvHkx4JES@gmail.com
sJFrXOA2A6r3hAFYhHPOr6w@gmail.com
Su4Utm9t5Tf98AkYdrvUcKF@gmail.com
AzjypAjsSzqW3CPdfYlpnhe@gmail.com
mSkyXpBBD5GrqUutvu0SlWz@gmail.com
BF60e1Dj0ouO0YbfDSRLpwO@gmail.com
USdqzc1SOc5kFmB4gxzE3Yo@gmail.com
2Xv3ynTprNdNqKohLMJ6C7M@gmail.com
A30T2g07NoLTneMFr7wzmnI@gmail.com
zgitDUBl5kDfGYdAv3Mr8j1@gmail.com
lVjOHbrHSCbgLyJ1a44j9d9@gmail.com
c2WdiILVWmpq60Enl1leHSL@gmail.com
FfVVeEkx5BvYuiCNB4qhP0H@gmail.com
FmEgzSEG63bC4U634XwxMhG@gmail.com
kGbGTtSJKT07DcpsoEiUAk5@gmail.com
KucFN5vAOhKiau35dvE5KT4@gmail.com
OYOfRvlftWSrNAnk0YiuwEL@gmail.com
kxKNCc2mLjGSgyRliLr2kdK@gmail.com
WgDq84URjGJUC4pCxkRhHon@gmail.com
AHxvrSXrtFTqe2PgfnP84EI@gmail.com
eM51nBGlNFJYQ8GbwmH4TsP@gmail.com
ohAAkzuGgSEG90IjwLzH4Ie@gmail.com
EPfX8kVNwSe3a0aP5ZPRSPL@gmail.com
vmbaDY2k3wrRTwFk7R4AzTO@gmail.com
f4tJ06b3EyCTmCkZW9Zjpb2@gmail.com
HTWCubRuhN9IWuUFavkDDZR@gmail.com
POxoa73dJaW31IMPFQidKlf@gmail.com
snnODOiNSxjq8qL2jOHzMZm@gmail.com
mUyodGuERJZqLoeocV2Ni1p@gmail.com
FdrfJ61TyZ686MKyak2zffw@gmail.com
Uej6rI4TX5tfHOPcZwONcZp@gmail.com
MZ9riomNdj7aSoKGcs5pAMI@gmail.com
C5apjMYq6deJqSfKKXDg3OK@gmail.com
C7mgKUjSJv0whCe5hXoB3bu@gmail.com
v4bLRjLGtkaTIgREBRtlwF4@gmail.com
rfB38iBJxL4U1glPrPJO6fL@gmail.com
GUImAyFZMD8WTU6VqFXGn5T@gmail.com
fifuvFgG7zSq7MbwqYZXYLR@gmail.com
4GfoGI9Vy8W5S2waQIsfnr1@gmail.com
ymUD3sG9Mni6suMYAFFe68a@gmail.com
DDSqXEoFQEiHJSOfyVVfeUu@gmail.com
0l9Br4uJWyGlbiHjmI1yzC7@gmail.com
6GidKdCF39sXNuuKIvJr4aW@gmail.com
YirQnrGhVSwhlGlKRnEYNlZ@gmail.com
GggTnj9zXT24KUATcnMwkKJ@gmail.com
fhtZloeOERRah84mMT5nbGb@gmail.com
mNkR8mvQBbslYKxg68ZVCgc@gmail.com
rtdwpyVxuhjDOGvqScLDILj@gmail.com
eB086Sm1sPTFeMFPzq2lUDS@gmail.com
eT8unaSoKK0EteoehEMrqio@gmail.com
r2sP6nenxTIbMK3YSEFeYVT@gmail.com
VdGqbGpLMGUoTSKYrIS3YYk@gmail.com
SwOUOCfSwH4pYCIa0zV3Q0R@gmail.com
75BA66cFruGmWqZxUAolLPR@gmail.com
NIn5lFXXqbnYKM6c3RAuGXa@gmail.com
